
ROM used:   66/32768 (0%)
            70/32768 (0%) including unused fragments

            0.1 Average locations per line
            5.5 Average locations per statement

RAM used:   6/2048 (0%) at main() level
            7/2048 (0%) worst case

Stack used: 0 worst case (0 in main + 0 for interrupts)
Stack size: 31

Lines Stmts  %   Files
----- ----- ---  -----
   32    12 100  ask2.2.c
   68     0   0  main.h
  821     0   0  C:\Program Files\PICC\Devices\18F4550.h
----- -----
  921    12 Total

Page ROM  %  RAM   Vol Diff  Functions:
---- --- --- ---   --- ----  ----------
0     62  47    2   262  4.3  main
 Inline         0             @cinit1

Program metrics:
    Functions               1
    Statements              12
    Comments                169
    Volume (V)              265
    Difficulty (D)          4.1
    Effort to implement (E) 1095
    Time to implement (T)   1 minutes
    Est Delivered Bugs (B)  0
    Cyclomatic Complexity   1
    Maintainability (MI)    150

 Segment     Used  Free
-----------  ----  ----
00000-007FE     0  2048  
00800-00806     4  4  
00808-07FFE    62  30650  



