
ROM used:   300/32768 (1%)
            304/32768 (1%) including unused fragments

            0.3 Average locations per line
            10.0 Average locations per statement

RAM used:   26/2048 (1%) at main() level
            26/2048 (1%) worst case

Stack used: 2 worst case (1 in main + 1 for interrupts)
Stack size: 31

Lines Stmts  %   Files
----- ----- ---  -----
   64    30 100  openproject.c
   68     0   0  main.h
  821     0   0  C:\Program Files\PICC\Devices\18F4550.h
----- -----
  953    30 Total

Page ROM  %  RAM   Vol Diff  Functions:
---- --- --- ---   --- ----  ----------
0     42   7    0    27  1.0  main
0     68  11    0   456  3.8  timer0_int
0     28   5    0   127  2.2  init
 Inline         0             @cinit1

Program metrics:
    Functions               3
    Statements              30
    Comments                170
    Volume (V)              754
    Difficulty (D)          7.5
    Effort to implement (E) 5633
    Time to implement (T)   5 minutes
    Est Delivered Bugs (B)  0
    Cyclomatic Complexity   4
    Maintainability (MI)    65

 Segment     Used  Free
-----------  ----  ----
00000-007FE     0  2048  
00800-00806     4  4  
00808-008A4   158  0  
008A6-07FFE   138  30416  



