
ROM used:   1162/32768 (4%)
            1166/32768 (4%) including unused fragments

            1.1 Average locations per line
            17.9 Average locations per statement

RAM used:   25/2048 (1%) at main() level
            51/2048 (2%) worst case

Stack used: 11 worst case (5 in main + 6 for interrupts)
Stack size: 31

Lines Stmts  %   Files
----- ----- ---  -----
   58    22  34  ask3.c
   68     0   0  main.h
  821     0   0  C:\Program Files\PICC\Devices\18F4550.h
  144    43  66  flex_lcd.h
----- -----
 1091    65 Total

Page ROM  %  RAM   Vol Diff  Functions:
---- --- --- ---   --- ----  ----------
0     44   2    1             @delay_ms1
0     36   2    0             @const634
0     80   3    1   326  2.8  lcd_send_nibble
0     60   3    3   211  3.8  lcd_send_byte
0    228  10    2   380  4.7  lcd_init
0     34   1    4   186  5.5  lcd_gotoxy
0     66   3    1   272  4.1  lcd_putc
0     44   2    0    61  1.3  MAIN
0      2   0    0             @const658
0     56   2    2             @PSTRINGC_646
0     60   3    0   178  3.8  timer0_int
0     12   1    0             @const660
0     32   1    3             @PSTRINGCN_646
0     40   2    3             @DIV88
0    172   7    6             @PRINTF_D_646
0     34   1    0   172  2.3  init
 Inline         0             @cinit1

Program metrics:
    Functions               8
    Statements              65
    Comments                201
    Volume (V)              2859
    Difficulty (D)          26.9
    Effort to implement (E) 76804
    Time to implement (T)   1 hours, 11 minutes
    Est Delivered Bugs (B)  1
    Cyclomatic Complexity   9
    Maintainability (MI)    156

 Segment     Used  Free
-----------  ----  ----
00000-007FE     0  2048  
00800-00806     4  4  
00808-008A4   158  0  
008A6-07FFE  1000  29554  



